<?xml version="1.0" encoding="UTF-8"?>
<!-- Generated by org.testng.reporters.JUnitReportReporter -->
<testsuite hostname="DESKTOP-9P46VH6" failures="0" tests="3" name="TestClasses.LoginTest" time="55.605" errors="0" timestamp="2023-11-02T05:15:37 IST" skipped="0">
  <testcase classname="TestClasses.LoginTest" name="testLogin" time="19.380"/>
  <system-out/>
  <testcase classname="TestClasses.LoginTest" name="testLogin" time="13.623"/>
  <system-out/>
  <testcase classname="TestClasses.LoginTest" name="testLogin" time="22.602"/>
  <system-out/>
</testsuite> <!-- TestClasses.LoginTest -->
