<?xml version="1.0" encoding="UTF-8"?>
<!-- Generated by org.testng.reporters.JUnitReportReporter -->
<testsuite hostname="DESKTOP-9P46VH6" failures="0" tests="1" name="TestClasses.SecondTest" time="50.160" errors="0" timestamp="2023-11-02T05:15:37 IST" skipped="0">
  <testcase classname="TestClasses.SecondTest" name="testNumberTwo" time="50.160"/>
  <system-out/>
</testsuite> <!-- TestClasses.SecondTest -->
