<?xml version="1.0" encoding="UTF-8"?>
<!-- Generated by org.testng.reporters.JUnitReportReporter -->
<testsuite hostname="DESKTOP-9P46VH6" failures="0" tests="1" name="TestRunners.TestRunner" time="7.534" errors="0" timestamp="2023-11-02T04:27:10 IST" skipped="0">
  <testcase classname="TestRunners.TestRunner" name="runScenario" time="7.534"/>
  <system-out/>
</testsuite> <!-- TestRunners.TestRunner -->
