<?xml version="1.0" encoding="UTF-8"?>
<!-- Generated by org.testng.reporters.JUnitReportReporter -->
<testsuite hostname="DESKTOP-9P46VH6" failures="0" tests="1" name="TestClasses.ThirdTest" time="15.492" errors="0" timestamp="2023-11-02T02:43:59 IST" skipped="0">
  <testcase classname="TestClasses.ThirdTest" name="testNumberThree" time="15.492"/>
  <system-out/>
</testsuite> <!-- TestClasses.ThirdTest -->
