<?xml version="1.0" encoding="UTF-8"?>
<!-- Generated by org.testng.reporters.JUnitReportReporter -->
<testsuite hostname="DESKTOP-9P46VH6" failures="0" tests="1" name="TestClasses.SecondTest" time="9.443" errors="0" timestamp="2023-11-02T02:43:59 IST" skipped="0">
  <testcase classname="TestClasses.SecondTest" name="testNumberTwo" time="9.443"/>
  <system-out/>
</testsuite> <!-- TestClasses.SecondTest -->
