<?xml version="1.0" encoding="UTF-8"?>
<!-- Generated by org.testng.reporters.JUnitReportReporter -->
<testsuite hostname="DESKTOP-9P46VH6" failures="0" tests="3" name="TestClasses.LoginTest" time="41.916" errors="0" timestamp="2023-11-02T02:43:59 IST" skipped="0">
  <testcase classname="TestClasses.LoginTest" name="testLogin" time="27.329"/>
  <system-out/>
  <testcase classname="TestClasses.LoginTest" name="testLogin" time="6.952"/>
  <system-out/>
  <testcase classname="TestClasses.LoginTest" name="testLogin" time="7.635"/>
  <system-out/>
</testsuite> <!-- TestClasses.LoginTest -->
